Build started 10/1/2015 9:00:54 AM.
     1>Project "\\ad.uillinois.edu\engr\instructional\erjohns3\documents\ECE 470\lab3\Lab3.vcxproj" on node 2 (build target(s)).
     1>InitializeBuildStatus:
         Creating "Debug\Lab3.unsuccessfulbuild" because "AlwaysCreate" was specified.
       ClCompile:
         c:\Program Files (x86)\Microsoft Visual Studio 10.0\VC\bin\CL.exe /c /ZI /nologo /W3 /WX- /Od /Oy- /D WIN32 /D _DEBUG /D _CONSOLE /D ANGLES /D _UNICODE /D UNICODE /Gm /EHsc /RTC1 /MDd /GS /fp:precise /Zc:wchar_t /Zc:forScope /Fo"Debug\\" /Fd"Debug\vc100.pdb" /Gd /TP /analyze- /errorReport:prompt lab3.cpp
         lab3.cpp
     1>\\ad.uillinois.edu\engr\instructional\erjohns3\documents\ece 470\lab3\lab3.cpp(47): warning C4244: '=' : conversion from 'double' to 'float', possible loss of data
     1>\\ad.uillinois.edu\engr\instructional\erjohns3\documents\ece 470\lab3\lab3.cpp(48): warning C4244: '=' : conversion from 'double' to 'float', possible loss of data
     1>\\ad.uillinois.edu\engr\instructional\erjohns3\documents\ece 470\lab3\lab3.cpp(49): warning C4244: '=' : conversion from 'double' to 'float', possible loss of data
     1>\\ad.uillinois.edu\engr\instructional\erjohns3\documents\ece 470\lab3\lab3.cpp(50): warning C4244: '=' : conversion from 'double' to 'float', possible loss of data
     1>\\ad.uillinois.edu\engr\instructional\erjohns3\documents\ece 470\lab3\lab3.cpp(51): warning C4244: '=' : conversion from 'double' to 'float', possible loss of data
       ManifestResourceCompile:
         C:\Program Files (x86)\Microsoft SDKs\Windows\v7.0A\bin\rc.exe /nologo /fo"Debug\Lab3.exe.embed.manifest.res" Debug\Lab3_manifest.rc 
       Link:
         c:\Program Files (x86)\Microsoft Visual Studio 10.0\VC\bin\link.exe /ERRORREPORT:PROMPT /OUT:"\\ad.uillinois.edu\engr\instructional\erjohns3\documents\ECE 470\lab3\Debug\Lab3.exe" /INCREMENTAL /NOLOGO kernel32.lib user32.lib gdi32.lib winspool.lib comdlg32.lib advapi32.lib shell32.lib ole32.lib oleaut32.lib uuid.lib odbc32.lib odbccp32.lib /MANIFEST /ManifestFile:"Debug\Lab3.exe.intermediate.manifest" /MANIFESTUAC:"level='asInvoker' uiAccess='false'" /DEBUG /PDB:"\\ad.uillinois.edu\engr\instructional\erjohns3\documents\ECE 470\lab3\Debug\Lab3.pdb" /SUBSYSTEM:CONSOLE /TLBID:1 /DYNAMICBASE:NO /IMPLIB:"\\ad.uillinois.edu\engr\instructional\erjohns3\documents\ECE 470\lab3\Debug\Lab3.lib" /MACHINE:X86 Debug\Lab3.exe.embed.manifest.res
         Debug\lab3.obj
         Debug\remote.obj
         Debug\rhino.obj
       Manifest:
         C:\Program Files (x86)\Microsoft SDKs\Windows\v7.0A\bin\mt.exe /nologo /verbose /out:"Debug\Lab3.exe.embed.manifest" /manifest Debug\Lab3.exe.intermediate.manifest
         C:\Program Files (x86)\Microsoft SDKs\Windows\v7.0A\bin\rc.exe /nologo /fo"Debug\Lab3.exe.embed.manifest.res" Debug\Lab3_manifest.rc 
       LinkEmbedManifest:
         c:\Program Files (x86)\Microsoft Visual Studio 10.0\VC\bin\link.exe /ERRORREPORT:PROMPT /OUT:"\\ad.uillinois.edu\engr\instructional\erjohns3\documents\ECE 470\lab3\Debug\Lab3.exe" /INCREMENTAL /NOLOGO kernel32.lib user32.lib gdi32.lib winspool.lib comdlg32.lib advapi32.lib shell32.lib ole32.lib oleaut32.lib uuid.lib odbc32.lib odbccp32.lib /MANIFEST /ManifestFile:"Debug\Lab3.exe.intermediate.manifest" /MANIFESTUAC:"level='asInvoker' uiAccess='false'" /DEBUG /PDB:"\\ad.uillinois.edu\engr\instructional\erjohns3\documents\ECE 470\lab3\Debug\Lab3.pdb" /SUBSYSTEM:CONSOLE /TLBID:1 /DYNAMICBASE:NO /IMPLIB:"\\ad.uillinois.edu\engr\instructional\erjohns3\documents\ECE 470\lab3\Debug\Lab3.lib" /MACHINE:X86 Debug\Lab3.exe.embed.manifest.res
         Debug\lab3.obj
         Debug\remote.obj
         Debug\rhino.obj
         Lab3.vcxproj -> \\ad.uillinois.edu\engr\instructional\erjohns3\documents\ECE 470\lab3\Debug\Lab3.exe
       FinalizeBuildStatus:
         Deleting file "Debug\Lab3.unsuccessfulbuild".
         Touching "Debug\Lab3.lastbuildstate".
     1>Done Building Project "\\ad.uillinois.edu\engr\instructional\erjohns3\documents\ECE 470\lab3\Lab3.vcxproj" (build target(s)).

Build succeeded.

Time Elapsed 00:00:03.68
