\\ad.uillinois.edu\engr\Instructional\erjohns3\documents\ECE 470\Debug\cl.command.1.tlog
\\ad.uillinois.edu\engr\Instructional\erjohns3\documents\ECE 470\Debug\CL.read.1.tlog
\\ad.uillinois.edu\engr\Instructional\erjohns3\documents\ECE 470\Debug\CL.write.1.tlog
\\ad.uillinois.edu\engr\Instructional\erjohns3\documents\ECE 470\Debug\lab2.exe
\\ad.uillinois.edu\engr\Instructional\erjohns3\documents\ECE 470\Debug\lab2.exe.embed.manifest
\\ad.uillinois.edu\engr\Instructional\erjohns3\documents\ECE 470\Debug\lab2.exe.embed.manifest.res
\\ad.uillinois.edu\engr\Instructional\erjohns3\documents\ECE 470\Debug\lab2.exe.intermediate.manifest
\\ad.uillinois.edu\engr\Instructional\erjohns3\documents\ECE 470\Debug\lab2.ilk
\\AD.UILLINOIS.EDU\ENGR\INSTRUCTIONAL\ERJOHNS3\DOCUMENTS\ECE 470\DEBUG\LAB2.OBJ
\\AD.UILLINOIS.EDU\ENGR\INSTRUCTIONAL\ERJOHNS3\DOCUMENTS\ECE 470\DEBUG\LAB2.PDB
\\ad.uillinois.edu\engr\Instructional\erjohns3\documents\ECE 470\Debug\lab2.vcxprojResolveAssemblyReference.cache
\\ad.uillinois.edu\engr\Instructional\erjohns3\documents\ECE 470\Debug\lab2.write.1.tlog
\\ad.uillinois.edu\engr\Instructional\erjohns3\documents\ECE 470\Debug\lab2_manifest.rc
\\ad.uillinois.edu\engr\Instructional\erjohns3\documents\ECE 470\Debug\link.6944.read.1.tlog
\\ad.uillinois.edu\engr\Instructional\erjohns3\documents\ECE 470\Debug\link.6944.write.1.tlog
\\ad.uillinois.edu\engr\Instructional\erjohns3\documents\ECE 470\Debug\link.6944-cvtres.read.1.tlog
\\ad.uillinois.edu\engr\Instructional\erjohns3\documents\ECE 470\Debug\link.6944-cvtres.write.1.tlog
\\ad.uillinois.edu\engr\Instructional\erjohns3\documents\ECE 470\Debug\link.8892.read.1.tlog
\\ad.uillinois.edu\engr\Instructional\erjohns3\documents\ECE 470\Debug\link.8892.write.1.tlog
\\ad.uillinois.edu\engr\Instructional\erjohns3\documents\ECE 470\Debug\link.8892-cvtres.read.1.tlog
\\ad.uillinois.edu\engr\Instructional\erjohns3\documents\ECE 470\Debug\link.8892-cvtres.write.1.tlog
\\ad.uillinois.edu\engr\Instructional\erjohns3\documents\ECE 470\Debug\link.command.1.tlog
\\ad.uillinois.edu\engr\Instructional\erjohns3\documents\ECE 470\Debug\link.read.1.tlog
\\ad.uillinois.edu\engr\Instructional\erjohns3\documents\ECE 470\Debug\link.write.1.tlog
\\ad.uillinois.edu\engr\Instructional\erjohns3\documents\ECE 470\Debug\link-cvtres.read.1.tlog
\\ad.uillinois.edu\engr\Instructional\erjohns3\documents\ECE 470\Debug\link-cvtres.write.1.tlog
\\ad.uillinois.edu\engr\Instructional\erjohns3\documents\ECE 470\Debug\mt.command.1.tlog
\\ad.uillinois.edu\engr\Instructional\erjohns3\documents\ECE 470\Debug\mt.read.1.tlog
\\ad.uillinois.edu\engr\Instructional\erjohns3\documents\ECE 470\Debug\mt.write.1.tlog
\\ad.uillinois.edu\engr\Instructional\erjohns3\documents\ECE 470\Debug\rc.command.1.tlog
\\ad.uillinois.edu\engr\Instructional\erjohns3\documents\ECE 470\Debug\rc.read.1.tlog
\\ad.uillinois.edu\engr\Instructional\erjohns3\documents\ECE 470\Debug\rc.write.1.tlog
\\AD.UILLINOIS.EDU\ENGR\INSTRUCTIONAL\ERJOHNS3\DOCUMENTS\ECE 470\DEBUG\REMOTE.OBJ
\\AD.UILLINOIS.EDU\ENGR\INSTRUCTIONAL\ERJOHNS3\DOCUMENTS\ECE 470\DEBUG\RHINO.OBJ
\\ad.uillinois.edu\engr\Instructional\erjohns3\documents\ECE 470\Debug\vc100.idb
\\AD.UILLINOIS.EDU\ENGR\INSTRUCTIONAL\ERJOHNS3\DOCUMENTS\ECE 470\DEBUG\VC100.PDB
