Build started 10/8/2015 10:50:13 AM.
     1>Project "\\ad.uillinois.edu\engr\instructional\erjohns3\documents\ECE 470\lab4\Lab4.vcxproj" on node 2 (build target(s)).
     1>InitializeBuildStatus:
         Touching "Debug\Lab4.unsuccessfulbuild".
       ClCompile:
         c:\Program Files (x86)\Microsoft Visual Studio 10.0\VC\bin\CL.exe /c /ZI /nologo /W3 /WX- /Od /Oy- /D WIN32 /D _DEBUG /D _CONSOLE /D ANGLES /D CARTESIAN /D _USE_MATH_DEFINES /D _UNICODE /D UNICODE /Gm /EHsc /RTC1 /MDd /GS /fp:precise /Zc:wchar_t /Zc:forScope /Fo"Debug\\" /Fd"Debug\vc100.pdb" /Gd /TP /analyze- /errorReport:prompt lab3.cpp lab4.cpp
         lab4.cpp
         lab3.cpp
     1>\\ad.uillinois.edu\engr\instructional\erjohns3\documents\ece 470\lab4\lab3.cpp(43): warning C4244: '=' : conversion from 'double' to 'float', possible loss of data
     1>\\ad.uillinois.edu\engr\instructional\erjohns3\documents\ece 470\lab4\lab3.cpp(44): warning C4244: '=' : conversion from 'double' to 'float', possible loss of data
     1>\\ad.uillinois.edu\engr\instructional\erjohns3\documents\ece 470\lab4\lab3.cpp(45): warning C4244: '=' : conversion from 'double' to 'float', possible loss of data
     1>\\ad.uillinois.edu\engr\instructional\erjohns3\documents\ece 470\lab4\lab3.cpp(46): warning C4244: '=' : conversion from 'double' to 'float', possible loss of data
     1>\\ad.uillinois.edu\engr\instructional\erjohns3\documents\ece 470\lab4\lab3.cpp(47): warning C4244: '=' : conversion from 'double' to 'float', possible loss of data
         Generating Code...
       ManifestResourceCompile:
         C:\Program Files (x86)\Microsoft SDKs\Windows\v7.0A\bin\rc.exe /nologo /fo"Debug\Lab4.exe.embed.manifest.res" Debug\Lab4_manifest.rc 
       Link:
         c:\Program Files (x86)\Microsoft Visual Studio 10.0\VC\bin\link.exe /ERRORREPORT:PROMPT /OUT:"\\ad.uillinois.edu\engr\instructional\erjohns3\documents\ECE 470\lab4\Debug\Lab4.exe" /INCREMENTAL /NOLOGO kernel32.lib user32.lib gdi32.lib winspool.lib comdlg32.lib advapi32.lib shell32.lib ole32.lib oleaut32.lib uuid.lib odbc32.lib odbccp32.lib /MANIFEST /ManifestFile:"Debug\Lab4.exe.intermediate.manifest" /MANIFESTUAC:"level='asInvoker' uiAccess='false'" /DEBUG /PDB:"\\ad.uillinois.edu\engr\instructional\erjohns3\documents\ECE 470\lab4\Debug\Lab4.pdb" /SUBSYSTEM:CONSOLE /TLBID:1 /DYNAMICBASE:NO /IMPLIB:"\\ad.uillinois.edu\engr\instructional\erjohns3\documents\ECE 470\lab4\Debug\Lab4.lib" /MACHINE:X86 Debug\Lab4.exe.embed.manifest.res
         Debug\lab3.obj
         Debug\lab4.obj
         Debug\remote.obj
         Debug\rhino.obj
       Manifest:
         C:\Program Files (x86)\Microsoft SDKs\Windows\v7.0A\bin\mt.exe /nologo /verbose /out:"Debug\Lab4.exe.embed.manifest" /manifest Debug\Lab4.exe.intermediate.manifest
         C:\Program Files (x86)\Microsoft SDKs\Windows\v7.0A\bin\rc.exe /nologo /fo"Debug\Lab4.exe.embed.manifest.res" Debug\Lab4_manifest.rc 
       LinkEmbedManifest:
         c:\Program Files (x86)\Microsoft Visual Studio 10.0\VC\bin\link.exe /ERRORREPORT:PROMPT /OUT:"\\ad.uillinois.edu\engr\instructional\erjohns3\documents\ECE 470\lab4\Debug\Lab4.exe" /INCREMENTAL /NOLOGO kernel32.lib user32.lib gdi32.lib winspool.lib comdlg32.lib advapi32.lib shell32.lib ole32.lib oleaut32.lib uuid.lib odbc32.lib odbccp32.lib /MANIFEST /ManifestFile:"Debug\Lab4.exe.intermediate.manifest" /MANIFESTUAC:"level='asInvoker' uiAccess='false'" /DEBUG /PDB:"\\ad.uillinois.edu\engr\instructional\erjohns3\documents\ECE 470\lab4\Debug\Lab4.pdb" /SUBSYSTEM:CONSOLE /TLBID:1 /DYNAMICBASE:NO /IMPLIB:"\\ad.uillinois.edu\engr\instructional\erjohns3\documents\ECE 470\lab4\Debug\Lab4.lib" /MACHINE:X86 Debug\Lab4.exe.embed.manifest.res
         Debug\lab3.obj
         Debug\lab4.obj
         Debug\remote.obj
         Debug\rhino.obj
         Lab4.vcxproj -> \\ad.uillinois.edu\engr\instructional\erjohns3\documents\ECE 470\lab4\Debug\Lab4.exe
       FinalizeBuildStatus:
         Deleting file "Debug\Lab4.unsuccessfulbuild".
         Touching "Debug\Lab4.lastbuildstate".
     1>Done Building Project "\\ad.uillinois.edu\engr\instructional\erjohns3\documents\ECE 470\lab4\Lab4.vcxproj" (build target(s)).

Build succeeded.

Time Elapsed 00:00:06.52
